<?xml version="1.0" encoding="UTF-8"?>
<!-- Generated by org.testng.reporters.JUnitXMLReporter -->
<testsuite ignored="0" hostname="DESKTOP-0C1LDQF" failures="0" tests="14" name="Surefire test" time="249.688" errors="0" timestamp="2023-04-14T13:02:00 IST">
  <testcase classname="com.tutorialsNinja.qa.testcases.LoginPageTest" name="verifyLoginWithValidCredentials" time="3.651"/>
  <testcase classname="com.tutorialsNinja.qa.testcases.LoginPageTest" name="verifyLoginWithValidCredentials" time="2.074"/>
  <testcase classname="com.tutorialsNinja.qa.testcases.LoginPageTest" name="verifyLoginWithValidCredentials" time="3.327"/>
  <testcase classname="com.tutorialsNinja.qa.testcases.LoginPageTest" name="verifyLoginWithValidEmailAndInvalidPassword" time="1.086"/>
  <testcase classname="com.tutorialsNinja.qa.testcases.LoginPageTest" name="verifyLoginWithInvalidEmailAndValidPassword" time="1.276"/>
  <testcase classname="com.tutorialsNinja.qa.testcases.LoginPageTest" name="verifyLoginWithInvalidCredentials" time="1.327"/>
  <testcase classname="com.tutorialsNinja.qa.testcases.LoginPageTest" name="verifyLoginWithoutProvidingCredentials" time="0.556"/>
  <testcase classname="com.tutorialsNinja.qa.testcases.RegisterTest" name="verifyRegisterWithMandatoryFields" time="2.833"/>
  <testcase classname="com.tutorialsNinja.qa.testcases.RegisterTest" name="verifyRegisterWithAllFields" time="2.78"/>
  <testcase classname="com.tutorialsNinja.qa.testcases.RegisterTest" name="verifyRegisteringWithExistingEmail" time="2.47"/>
  <testcase classname="com.tutorialsNinja.qa.testcases.RegisterTest" name="verifyRegisteringWithNoCredentials" time="0.859"/>
  <testcase classname="com.tutorialsNinja.qa.testcases.SearchTest" name="verifySearchWithValidProduct" time="1.173"/>
  <testcase classname="com.tutorialsNinja.qa.testcases.SearchTest" name="verifySearchWithInvalidProduct" time="1.569"/>
  <testcase classname="com.tutorialsNinja.qa.testcases.SearchTest" name="verifySearchWithoutAnyProduct" time="0.743"/>
</testsuite> <!-- Surefire test -->
