<?xml version="1.0" encoding="UTF-8"?>
<!-- Generated by org.testng.reporters.JUnitXMLReporter -->
<testsuite ignored="0" hostname="DESKTOP-0C1LDQF" failures="0" tests="14" name="TutorialsNinja Testcases" time="175.089" errors="0" timestamp="2023-04-14T17:45:12 IST">
  <testcase classname="com.tutorialsNinja.qa.testcases.RegisterTest" name="verifyRegisterWithMandatoryFields" time="2.068"/>
  <testcase classname="com.tutorialsNinja.qa.testcases.RegisterTest" name="verifyRegisterWithAllFields" time="1.941"/>
  <testcase classname="com.tutorialsNinja.qa.testcases.RegisterTest" name="verifyRegisteringWithExistingEmail" time="1.686"/>
  <testcase classname="com.tutorialsNinja.qa.testcases.RegisterTest" name="verifyRegisteringWithNoCredentials" time="0.788"/>
  <testcase classname="com.tutorialsNinja.qa.testcases.LoginPageTest" name="verifyLoginWithValidCredentials" time="1.483"/>
  <testcase classname="com.tutorialsNinja.qa.testcases.LoginPageTest" name="verifyLoginWithValidCredentials" time="1.46"/>
  <testcase classname="com.tutorialsNinja.qa.testcases.LoginPageTest" name="verifyLoginWithValidCredentials" time="2.17"/>
  <testcase classname="com.tutorialsNinja.qa.testcases.LoginPageTest" name="verifyLoginWithValidEmailAndInvalidPassword" time="1.174"/>
  <testcase classname="com.tutorialsNinja.qa.testcases.LoginPageTest" name="verifyLoginWithInvalidEmailAndValidPassword" time="1.051"/>
  <testcase classname="com.tutorialsNinja.qa.testcases.LoginPageTest" name="verifyLoginWithInvalidCredentials" time="1.057"/>
  <testcase classname="com.tutorialsNinja.qa.testcases.LoginPageTest" name="verifyLoginWithoutProvidingCredentials" time="0.599"/>
  <testcase classname="com.tutorialsNinja.qa.testcases.SearchTest" name="verifySearchWithValidProduct" time="0.782"/>
  <testcase classname="com.tutorialsNinja.qa.testcases.SearchTest" name="verifySearchWithInvalidProduct" time="0.783"/>
  <testcase classname="com.tutorialsNinja.qa.testcases.SearchTest" name="verifySearchWithoutAnyProduct" time="0.578"/>
</testsuite> <!-- TutorialsNinja Testcases -->
